#
# There is insufficient memory for the Java Runtime Environment to continue.
# Native memory allocation (malloc) failed to allocate 468656 bytes for Chunk::new
# Possible reasons:
#   The system is out of physical RAM or swap space
#   The process is running with CompressedOops enabled, and the Java Heap may be blocking the growth of the native heap
# Possible solutions:
#   Reduce memory load on the system
#   Increase physical memory or swap space
#   Check if swap backing store is full
#   Decrease Java heap size (-Xmx/-Xms)
#   Decrease number of Java threads
#   Decrease Java thread stack sizes (-Xss)
#   Set larger code cache with -XX:ReservedCodeCacheSize=
#   JVM is running with Zero Based Compressed Oops mode in which the Java heap is
#     placed in the first 32GB address space. The Java Heap base address is the
#     maximum limit for the native heap growth. Please use -XX:HeapBaseMinAddress
#     to set the Java Heap base and to place the Java Heap above 32GB virtual address.
# This output file may be truncated or incomplete.
#
#  Out of Memory Error (allocation.cpp:389), pid=18932, tid=0x0000000000002844
#
# JRE version: OpenJDK Runtime Environment (8.0_242-b01) (build 1.8.0_242-release-1644-b01)
# Java VM: OpenJDK 64-Bit Server VM (25.242-b01 mixed mode windows-amd64 compressed oops)
# Failed to write core dump. Minidumps are not enabled by default on client versions of Windows
#

---------------  T H R E A D  ---------------

Current thread (0x000000001e2ac800):  JavaThread "C2 CompilerThread0" daemon [_thread_in_native, id=10308, stack(0x000000001eb70000,0x000000001ec70000)]

Stack: [0x000000001eb70000,0x000000001ec70000]
[error occurred during error reporting (printing stack bounds), id 0xc0000005]

Native frames: (J=compiled Java code, j=interpreted, Vv=VM code, C=native code)


Current CompileTask:
C2:   3876 5174       4       org.jetbrains.org.objectweb.asm.ClassReader::readMethod (1047 bytes)


---------------  P R O C E S S  ---------------

Java Threads: ( => current thread )
  0x000000001e32a800 JavaThread "Service Thread" daemon [_thread_blocked, id=5572, stack(0x000000001ef70000,0x000000001f070000)]
  0x000000001e2db000 JavaThread "C1 CompilerThread3" daemon [_thread_blocked, id=3992, stack(0x000000001ee70000,0x000000001ef70000)]
  0x000000001e2be800 JavaThread "C2 CompilerThread2" daemon [_thread_in_native, id=12844, stack(0x000000001ed70000,0x000000001ee70000)]
  0x000000001e2af000 JavaThread "C2 CompilerThread1" daemon [_thread_in_native, id=5680, stack(0x000000001ec70000,0x000000001ed70000)]
=>0x000000001e2ac800 JavaThread "C2 CompilerThread0" daemon [_thread_in_native, id=10308, stack(0x000000001eb70000,0x000000001ec70000)]
  0x000000001e2ab000 JavaThread "Attach Listener" daemon [_thread_blocked, id=4784, stack(0x000000001ea70000,0x000000001eb70000)]
  0x000000001e2aa000 JavaThread "Signal Dispatcher" daemon [_thread_blocked, id=18040, stack(0x000000001e970000,0x000000001ea70000)]
  0x000000001c486000 JavaThread "Finalizer" daemon [_thread_blocked, id=19320, stack(0x000000001e770000,0x000000001e870000)]
  0x000000001e290800 JavaThread "Reference Handler" daemon [_thread_blocked, id=16536, stack(0x000000001e670000,0x000000001e770000)]
  0x000000000291d000 JavaThread "main" [_thread_in_Java, id=7428, stack(0x0000000002810000,0x0000000002910000)]

Other Threads:
  0x000000001c478000 VMThread [stack: 0x000000001e170000,0x000000001e270000] [id=15160]
  0x000000001e32b800 WatcherThread [stack: 0x000000001f070000,0x000000001f170000] [id=5124]

VM state:not at safepoint (normal execution)

VM Mutex/Monitor currently owned by a thread: None

heap address: 0x00000006c1c00000, size: 4068 MB, Compressed Oops mode: Zero based, Oop shift amount: 3
Narrow klass base: 0x0000000000000000, Narrow klass shift: 3
Compressed class space size: 1073741824 Address: 0x00000007c0000000

Heap:
 PSYoungGen      total 141824K, used 110003K [0x000000076b400000, 0x0000000774900000, 0x00000007c0000000)
  eden space 131072K, 83% used [0x000000076b400000,0x0000000771f6cf20,0x0000000773400000)
  from space 10752K, 0% used [0x0000000773400000,0x0000000773400000,0x0000000773e80000)
  to   space 10752K, 0% used [0x0000000773e80000,0x0000000773e80000,0x0000000774900000)
 ParOldGen       total 116224K, used 29871K [0x00000006c1c00000, 0x00000006c8d80000, 0x000000076b400000)
  object space 116224K, 25% used [0x00000006c1c00000,0x00000006c392bc78,0x00000006c8d80000)
 Metaspace       used 42370K, capacity 43092K, committed 43304K, reserved 1087488K
  class space    used 5146K, capacity 5325K, committed 5424K, reserved 1048576K

Card table byte_map: [0x0000000011dd0000,0x00000000125d0000] byte_map_base: 0x000000000e7c2000

Marking Bits: (ParMarkBitMap*) 0x00000000671df030
 Begin Bits: [0x0000000013320000, 0x00000000172b0000)
 End Bits:   [0x00000000172b0000, 0x000000001b240000)

Polling page: 0x0000000000a30000

CodeCache: size=245760Kb used=17070Kb max_used=17070Kb free=228689Kb
 bounds [0x0000000002a10000, 0x0000000003ad0000, 0x0000000011a10000]
 total_blobs=5749 nmethods=5286 adapters=375
 compilation: enabled

Compilation events (10 events):
Event: 3.862 Thread 0x000000001e2db000 5321       3       org.jetbrains.kotlin.storage.LockBasedStorageManager$LockBasedNotNullLazyValueWithPostCompute::<init> (23 bytes)
Event: 3.863 Thread 0x000000001e2db000 nmethod 5321 0x0000000003abe090 code [0x0000000003abe240, 0x0000000003abe628]
Event: 3.863 Thread 0x000000001e2db000 5323       3       org.jetbrains.kotlin.types.TypeSubstitutor::assertRecursionDepth (51 bytes)
Event: 3.864 Thread 0x000000001e2db000 nmethod 5323 0x0000000003abe790 code [0x0000000003abe9c0, 0x0000000003abf498]
Event: 3.864 Thread 0x000000001e2db000 5322       3       org.jetbrains.kotlin.storage.LockBasedStorageManager$LockBasedLazyValueWithPostCompute::<init> (28 bytes)
Event: 3.864 Thread 0x000000001e2db000 nmethod 5322 0x0000000003abf9d0 code [0x0000000003abfb60, 0x0000000003abfe08]
Event: 3.864 Thread 0x000000001e2db000 5324       1       org.jetbrains.kotlin.types.IndexedParametersSubstitution::getArguments (5 bytes)
Event: 3.864 Thread 0x000000001e2db000 nmethod 5324 0x0000000003abfed0 code [0x0000000003ac0020, 0x0000000003ac0130]
Event: 3.865 Thread 0x000000001e2db000 5325       2       org.jetbrains.kotlin.types.KotlinTypeKt::isError (58 bytes)
Event: 3.866 Thread 0x000000001e2db000 nmethod 5325 0x0000000003ac0190 code [0x0000000003ac0320, 0x0000000003ac05e8]

GC Heap History (10 events):
Event: 0.848 GC heap before
{Heap before GC invocations=1 (full 0):
 PSYoungGen      total 76288K, used 65536K [0x000000076b400000, 0x0000000770900000, 0x00000007c0000000)
  eden space 65536K, 100% used [0x000000076b400000,0x000000076f400000,0x000000076f400000)
  from space 10752K, 0% used [0x000000076fe80000,0x000000076fe80000,0x0000000770900000)
  to   space 10752K, 0% used [0x000000076f400000,0x000000076f400000,0x000000076fe80000)
 ParOldGen       total 175104K, used 0K [0x00000006c1c00000, 0x00000006cc700000, 0x000000076b400000)
  object space 175104K, 0% used [0x00000006c1c00000,0x00000006c1c00000,0x00000006cc700000)
 Metaspace       used 15543K, capacity 15878K, committed 16000K, reserved 1062912K
  class space    used 1809K, capacity 1913K, committed 1920K, reserved 1048576K
Event: 0.858 GC heap after
Heap after GC invocations=1 (full 0):
 PSYoungGen      total 76288K, used 10729K [0x000000076b400000, 0x0000000774900000, 0x00000007c0000000)
  eden space 65536K, 0% used [0x000000076b400000,0x000000076b400000,0x000000076f400000)
  from space 10752K, 99% used [0x000000076f400000,0x000000076fe7a4b8,0x000000076fe80000)
  to   space 10752K, 0% used [0x0000000773e80000,0x0000000773e80000,0x0000000774900000)
 ParOldGen       total 175104K, used 4652K [0x00000006c1c00000, 0x00000006cc700000, 0x000000076b400000)
  object space 175104K, 2% used [0x00000006c1c00000,0x00000006c208b1e8,0x00000006cc700000)
 Metaspace       used 15543K, capacity 15878K, committed 16000K, reserved 1062912K
  class space    used 1809K, capacity 1913K, committed 1920K, reserved 1048576K
}
Event: 1.074 GC heap before
{Heap before GC invocations=2 (full 0):
 PSYoungGen      total 76288K, used 32207K [0x000000076b400000, 0x0000000774900000, 0x00000007c0000000)
  eden space 65536K, 32% used [0x000000076b400000,0x000000076c8f9980,0x000000076f400000)
  from space 10752K, 99% used [0x000000076f400000,0x000000076fe7a4b8,0x000000076fe80000)
  to   space 10752K, 0% used [0x0000000773e80000,0x0000000773e80000,0x0000000774900000)
 ParOldGen       total 175104K, used 4652K [0x00000006c1c00000, 0x00000006cc700000, 0x000000076b400000)
  object space 175104K, 2% used [0x00000006c1c00000,0x00000006c208b1e8,0x00000006cc700000)
 Metaspace       used 20793K, capacity 21188K, committed 21296K, reserved 1069056K
  class space    used 2455K, capacity 2594K, committed 2608K, reserved 1048576K
Event: 1.080 GC heap after
Heap after GC invocations=2 (full 0):
 PSYoungGen      total 141824K, used 9802K [0x000000076b400000, 0x0000000774900000, 0x00000007c0000000)
  eden space 131072K, 0% used [0x000000076b400000,0x000000076b400000,0x0000000773400000)
  from space 10752K, 91% used [0x0000000773e80000,0x0000000774812ba8,0x0000000774900000)
  to   space 10752K, 0% used [0x0000000773400000,0x0000000773400000,0x0000000773e80000)
 ParOldGen       total 175104K, used 4724K [0x00000006c1c00000, 0x00000006cc700000, 0x000000076b400000)
  object space 175104K, 2% used [0x00000006c1c00000,0x00000006c209d1f8,0x00000006cc700000)
 Metaspace       used 20793K, capacity 21188K, committed 21296K, reserved 1069056K
  class space    used 2455K, capacity 2594K, committed 2608K, reserved 1048576K
}
Event: 1.080 GC heap before
{Heap before GC invocations=3 (full 1):
 PSYoungGen      total 141824K, used 9802K [0x000000076b400000, 0x0000000774900000, 0x00000007c0000000)
  eden space 131072K, 0% used [0x000000076b400000,0x000000076b400000,0x0000000773400000)
  from space 10752K, 91% used [0x0000000773e80000,0x0000000774812ba8,0x0000000774900000)
  to   space 10752K, 0% used [0x0000000773400000,0x0000000773400000,0x0000000773e80000)
 ParOldGen       total 175104K, used 4724K [0x00000006c1c00000, 0x00000006cc700000, 0x000000076b400000)
  object space 175104K, 2% used [0x00000006c1c00000,0x00000006c209d1f8,0x00000006cc700000)
 Metaspace       used 20793K, capacity 21188K, committed 21296K, reserved 1069056K
  class space    used 2455K, capacity 2594K, committed 2608K, reserved 1048576K
Event: 1.106 GC heap after
Heap after GC invocations=3 (full 1):
 PSYoungGen      total 141824K, used 0K [0x000000076b400000, 0x0000000774900000, 0x00000007c0000000)
  eden space 131072K, 0% used [0x000000076b400000,0x000000076b400000,0x0000000773400000)
  from space 10752K, 0% used [0x0000000773e80000,0x0000000773e80000,0x0000000774900000)
  to   space 10752K, 0% used [0x0000000773400000,0x0000000773400000,0x0000000773e80000)
 ParOldGen       total 116224K, used 9485K [0x00000006c1c00000, 0x00000006c8d80000, 0x000000076b400000)
  object space 116224K, 8% used [0x00000006c1c00000,0x00000006c25436f8,0x00000006c8d80000)
 Metaspace       used 20793K, capacity 21188K, committed 21296K, reserved 1069056K
  class space    used 2455K, capacity 2594K, committed 2608K, reserved 1048576K
}
Event: 2.418 GC heap before
{Heap before GC invocations=4 (full 1):
 PSYoungGen      total 141824K, used 105476K [0x000000076b400000, 0x0000000774900000, 0x00000007c0000000)
  eden space 131072K, 80% used [0x000000076b400000,0x0000000771b01028,0x0000000773400000)
  from space 10752K, 0% used [0x0000000773e80000,0x0000000773e80000,0x0000000774900000)
  to   space 10752K, 0% used [0x0000000773400000,0x0000000773400000,0x0000000773e80000)
 ParOldGen       total 116224K, used 9485K [0x00000006c1c00000, 0x00000006c8d80000, 0x000000076b400000)
  object space 116224K, 8% used [0x00000006c1c00000,0x00000006c25436f8,0x00000006c8d80000)
 Metaspace       used 34731K, capacity 35230K, committed 35496K, reserved 1081344K
  class space    used 4391K, capacity 4518K, committed 4528K, reserved 1048576K
Event: 2.434 GC heap after
Heap after GC invocations=4 (full 1):
 PSYoungGen      total 141824K, used 10732K [0x000000076b400000, 0x0000000774900000, 0x00000007c0000000)
  eden space 131072K, 0% used [0x000000076b400000,0x000000076b400000,0x0000000773400000)
  from space 10752K, 99% used [0x0000000773400000,0x0000000773e7b000,0x0000000773e80000)
  to   space 10752K, 0% used [0x0000000773e80000,0x0000000773e80000,0x0000000774900000)
 ParOldGen       total 116224K, used 23367K [0x00000006c1c00000, 0x00000006c8d80000, 0x000000076b400000)
  object space 116224K, 20% used [0x00000006c1c00000,0x00000006c32d1cd8,0x00000006c8d80000)
 Metaspace       used 34731K, capacity 35230K, committed 35496K, reserved 1081344K
  class space    used 4391K, capacity 4518K, committed 4528K, reserved 1048576K
}
Event: 2.434 GC heap before
{Heap before GC invocations=5 (full 2):
 PSYoungGen      total 141824K, used 10732K [0x000000076b400000, 0x0000000774900000, 0x00000007c0000000)
  eden space 131072K, 0% used [0x000000076b400000,0x000000076b400000,0x0000000773400000)
  from space 10752K, 99% used [0x0000000773400000,0x0000000773e7b000,0x0000000773e80000)
  to   space 10752K, 0% used [0x0000000773e80000,0x0000000773e80000,0x0000000774900000)
 ParOldGen       total 116224K, used 23367K [0x00000006c1c00000, 0x00000006c8d80000, 0x000000076b400000)
  object space 116224K, 20% used [0x00000006c1c00000,0x00000006c32d1cd8,0x00000006c8d80000)
 Metaspace       used 34731K, capacity 35230K, committed 35496K, reserved 1081344K
  class space    used 4391K, capacity 4518K, committed 4528K, reserved 1048576K
Event: 2.473 GC heap after
Heap after GC invocations=5 (full 2):
 PSYoungGen      total 141824K, used 0K [0x000000076b400000, 0x0000000774900000, 0x00000007c0000000)
  eden space 131072K, 0% used [0x000000076b400000,0x000000076b400000,0x0000000773400000)
  from space 10752K, 0% used [0x0000000773400000,0x0000000773400000,0x0000000773e80000)
  to   space 10752K, 0% used [0x0000000773e80000,0x0000000773e80000,0x0000000774900000)
 ParOldGen       total 116224K, used 29871K [0x00000006c1c00000, 0x00000006c8d80000, 0x000000076b400000)
  object space 116224K, 25% used [0x00000006c1c00000,0x00000006c392bc78,0x00000006c8d80000)
 Metaspace       used 34731K, capacity 35230K, committed 35496K, reserved 1081344K
  class space    used 4391K, capacity 4518K, committed 4528K, reserved 1048576K
}

Deoptimization events (10 events):
Event: 3.305 Thread 0x000000000291d000 Uncommon trap: reason=class_check action=maybe_recompile pc=0x0000000003566c8c method=org.jetbrains.kotlin.com.intellij.openapi.util.io.FileUtilRt.getExtension(Ljava/lang/CharSequence;Ljava/lang/String;)Ljava/lang/CharSequence; @ 14
Event: 3.305 Thread 0x000000000291d000 Uncommon trap: reason=class_check action=maybe_recompile pc=0x00000000033b5518 method=org.jetbrains.kotlin.com.intellij.openapi.util.text.StringUtilRt.lastIndexOf(Ljava/lang/CharSequence;CII)I @ 17
Event: 3.306 Thread 0x000000000291d000 Uncommon trap: reason=class_check action=maybe_recompile pc=0x0000000003566c8c method=org.jetbrains.kotlin.com.intellij.openapi.util.io.FileUtilRt.getExtension(Ljava/lang/CharSequence;Ljava/lang/String;)Ljava/lang/CharSequence; @ 14
Event: 3.393 Thread 0x000000000291d000 Uncommon trap: reason=unstable_if action=reinterpret pc=0x000000000365d23c method=kotlin.internal.ProgressionUtilKt.getProgressionLastElement(III)I @ 7
Event: 3.506 Thread 0x000000000291d000 Uncommon trap: reason=unstable_if action=reinterpret pc=0x00000000037afe4c method=org.jetbrains.org.objectweb.asm.Type.getDescriptor()Ljava/lang/String; @ 35
Event: 3.760 Thread 0x000000000291d000 Uncommon trap: reason=unstable_if action=reinterpret pc=0x0000000003a59afc method=org.jetbrains.org.objectweb.asm.ClassReader.<init>([BIZ)V @ 23
Event: 3.853 Thread 0x000000000291d000 Uncommon trap: reason=bimorphic action=maybe_recompile pc=0x0000000003a7e3f0 method=org.jetbrains.kotlin.types.KotlinTypeKt.isError(Lorg/jetbrains/kotlin/types/KotlinType;)Z @ 42
Event: 3.853 Thread 0x000000000291d000 Uncommon trap: reason=bimorphic action=maybe_recompile pc=0x0000000003a7e3f0 method=org.jetbrains.kotlin.types.KotlinTypeKt.isError(Lorg/jetbrains/kotlin/types/KotlinType;)Z @ 42
Event: 3.859 Thread 0x000000000291d000 Uncommon trap: reason=bimorphic action=maybe_recompile pc=0x0000000003a7e3f0 method=org.jetbrains.kotlin.types.KotlinTypeKt.isError(Lorg/jetbrains/kotlin/types/KotlinType;)Z @ 42
Event: 3.859 Thread 0x000000000291d000 Uncommon trap: reason=bimorphic action=maybe_recompile pc=0x0000000003a7e3f0 method=org.jetbrains.kotlin.types.KotlinTypeKt.isError(Lorg/jetbrains/kotlin/types/KotlinType;)Z @ 42

Classes redefined (0 events):
No events

Internal exceptions (10 events):
Event: 1.014 Thread 0x000000000291d000 Exception <a 'java/lang/NoSuchMethodError': java.lang.Object.lambda$static$0(I)[Lorg/jetbrains/kotlin/com/intellij/psi/PsiAnnotation;> (0x000000076c1f2a28) thrown at [C:\src\AOSP-openjdk-git\hotspot\src\share\vm\interpreter\linkResolver.cpp, line 620]
Event: 1.068 Thread 0x000000000291d000 Exception <a 'java/lang/NoSuchMethodError': java.lang.Object.lambda$static$0(I)[Lorg/jetbrains/kotlin/com/intellij/psi/PsiElement;> (0x000000076c738858) thrown at [C:\src\AOSP-openjdk-git\hotspot\src\share\vm\interpreter\linkResolver.cpp, line 620]
Event: 1.738 Thread 0x000000000291d000 Exception <a 'java/lang/ArrayIndexOutOfBoundsException': 126> (0x000000076ecc00f8) thrown at [C:\src\AOSP-openjdk-git\hotspot\src\share\vm\interpreter\interpreterRuntime.cpp, line 368]
Event: 1.738 Thread 0x000000000291d000 Exception <a 'java/lang/ArrayIndexOutOfBoundsException': 86> (0x000000076ecc1580) thrown at [C:\src\AOSP-openjdk-git\hotspot\src\share\vm\interpreter\interpreterRuntime.cpp, line 368]
Event: 2.248 Thread 0x000000000291d000 Implicit null exception at 0x0000000002f951a0 to 0x0000000002f953d9
Event: 2.283 Thread 0x000000000291d000 Exception <a 'java/lang/NoSuchMethodError': java.lang.Object.lambda$static$0(I)[Lorg/jetbrains/kotlin/psi/KtExpression;> (0x000000077147c088) thrown at [C:\src\AOSP-openjdk-git\hotspot\src\share\vm\interpreter\linkResolver.cpp, line 620]
Event: 2.502 Thread 0x000000000291d000 Exception <a 'java/lang/NoSuchMethodError': java.lang.Object.lambda$static$0(I)[Lorg/jetbrains/kotlin/psi/KtDeclaration;> (0x000000076b56f170) thrown at [C:\src\AOSP-openjdk-git\hotspot\src\share\vm\interpreter\linkResolver.cpp, line 620]
Event: 2.616 Thread 0x000000000291d000 Exception <a 'java/lang/NoSuchMethodError': java.lang.Object.lambda$static$0(I)[Lorg/jetbrains/kotlin/psi/KtTypeElement;> (0x000000076bea7870) thrown at [C:\src\AOSP-openjdk-git\hotspot\src\share\vm\interpreter\linkResolver.cpp, line 620]
Event: 3.031 Thread 0x000000000291d000 Exception <a 'java/lang/NoSuchMethodError': java.lang.Object.lambda$static$0(I)[Lorg/jetbrains/kotlin/com/intellij/psi/PsiClass;> (0x000000076edb4558) thrown at [C:\src\AOSP-openjdk-git\hotspot\src\share\vm\interpreter\linkResolver.cpp, line 620]
Event: 3.105 Thread 0x000000000291d000 Implicit null exception at 0x00000000035f82d4 to 0x00000000035f85f9

Events (10 events):
Event: 3.858 loading class org/jetbrains/kotlin/types/AbstractTypeCheckerContext$SupertypesPolicy$LowerIfFlexible
Event: 3.858 loading class org/jetbrains/kotlin/types/AbstractTypeCheckerContext$SupertypesPolicy$LowerIfFlexible done
Event: 3.858 loading class org/jetbrains/kotlin/types/AbstractTypeCheckerContext$SupertypesPolicy
Event: 3.858 loading class org/jetbrains/kotlin/types/AbstractTypeCheckerContext$SupertypesPolicy done
Event: 3.859 Thread 0x000000000291d000 Uncommon trap: trap_request=0xffffffc6 fr.pc=0x0000000003a7e3f0
Event: 3.859 Thread 0x000000000291d000 DEOPT PACKING pc=0x0000000003a7e3f0 sp=0x000000000290b240
Event: 3.859 Thread 0x000000000291d000 DEOPT UNPACKING pc=0x0000000002a5557b sp=0x000000000290b1b8 mode 2
Event: 3.859 Thread 0x000000000291d000 Uncommon trap: trap_request=0xffffffc6 fr.pc=0x0000000003a7e3f0
Event: 3.859 Thread 0x000000000291d000 DEOPT PACKING pc=0x0000000003a7e3f0 sp=0x000000000290b130
Event: 3.859 Thread 0x000000000291d000 DEOPT UNPACKING pc=0x0000000002a5557b sp=0x000000000290b0b0 mode 2


Dynamic libraries:
0x00007ff6926b0000 - 0x00007ff6926e1000 	C:\Program Files\Android\Android Studio\jre\jre\bin\java.exe
0x00007ffab4e80000 - 0x00007ffab5070000 	C:\Windows\SYSTEM32\ntdll.dll
0x00007ffab3a00000 - 0x00007ffab3ab2000 	C:\Windows\System32\KERNEL32.DLL
0x00007ffab2b00000 - 0x00007ffab2da4000 	C:\Windows\System32\KERNELBASE.dll
0x00007ffab36f0000 - 0x00007ffab3793000 	C:\Windows\System32\ADVAPI32.dll
0x00007ffab4580000 - 0x00007ffab461e000 	C:\Windows\System32\msvcrt.dll
0x00007ffab3390000 - 0x00007ffab3427000 	C:\Windows\System32\sechost.dll
0x00007ffab3e50000 - 0x00007ffab3f70000 	C:\Windows\System32\RPCRT4.dll
0x00007ffab3f70000 - 0x00007ffab4105000 	C:\Windows\System32\USER32.dll
0x00007ffab2ad0000 - 0x00007ffab2af1000 	C:\Windows\System32\win32u.dll
0x00007ffab37a0000 - 0x00007ffab37c6000 	C:\Windows\System32\GDI32.dll
0x00007ffab2810000 - 0x00007ffab29a6000 	C:\Windows\System32\gdi32full.dll
0x00007ffab2a30000 - 0x00007ffab2ace000 	C:\Windows\System32\msvcp_win.dll
0x00007ffab2dd0000 - 0x00007ffab2eca000 	C:\Windows\System32\ucrtbase.dll
0x00007ffaa0fc0000 - 0x00007ffaa1244000 	C:\Windows\WinSxS\amd64_microsoft.windows.common-controls_6595b64144ccf1df_6.0.18362.1016_none_9e7a36bbe461dae4\COMCTL32.dll
0x00007ffab3050000 - 0x00007ffab3385000 	C:\Windows\System32\combase.dll
0x00007ffab29b0000 - 0x00007ffab2a30000 	C:\Windows\System32\bcryptPrimitives.dll
0x00007ffab3430000 - 0x00007ffab345e000 	C:\Windows\System32\IMM32.DLL
0x0000000067730000 - 0x0000000067802000 	C:\Program Files\Android\Android Studio\jre\jre\bin\msvcr100.dll
0x0000000066a10000 - 0x000000006725b000 	C:\Program Files\Android\Android Studio\jre\jre\bin\server\jvm.dll
0x00007ffab3ac0000 - 0x00007ffab3ac8000 	C:\Windows\System32\PSAPI.DLL
0x00007ffa9b9a0000 - 0x00007ffa9b9a9000 	C:\Windows\SYSTEM32\WSOCK32.dll
0x00007ffab3990000 - 0x00007ffab39ff000 	C:\Windows\System32\WS2_32.dll
0x00007ffaaa760000 - 0x00007ffaaa76a000 	C:\Windows\SYSTEM32\VERSION.dll
0x00007ffaae9d0000 - 0x00007ffaae9f4000 	C:\Windows\SYSTEM32\WINMM.dll
0x00007ffaae9a0000 - 0x00007ffaae9cd000 	C:\Windows\SYSTEM32\WINMMBASE.dll
0x00007ffab2670000 - 0x00007ffab26ba000 	C:\Windows\System32\cfgmgr32.dll
0x00007ffaae770000 - 0x00007ffaae77f000 	C:\Program Files\Android\Android Studio\jre\jre\bin\verify.dll
0x00007ffaa2200000 - 0x00007ffaa2229000 	C:\Program Files\Android\Android Studio\jre\jre\bin\java.dll
0x00007ffaacf90000 - 0x00007ffaacfa6000 	C:\Program Files\Android\Android Studio\jre\jre\bin\zip.dll
0x00007ffab4680000 - 0x00007ffab4d67000 	C:\Windows\System32\SHELL32.dll
0x00007ffab2f30000 - 0x00007ffab2fd9000 	C:\Windows\System32\shcore.dll
0x00007ffab1ee0000 - 0x00007ffab2662000 	C:\Windows\System32\windows.storage.dll
0x00007ffab1d90000 - 0x00007ffab1db3000 	C:\Windows\System32\profapi.dll
0x00007ffab1d40000 - 0x00007ffab1d8a000 	C:\Windows\System32\powrprof.dll
0x00007ffab1d30000 - 0x00007ffab1d40000 	C:\Windows\System32\UMPDC.dll
0x00007ffab3690000 - 0x00007ffab36e2000 	C:\Windows\System32\shlwapi.dll
0x00007ffab1dc0000 - 0x00007ffab1dd1000 	C:\Windows\System32\kernel.appcore.dll
0x00007ffab2db0000 - 0x00007ffab2dc7000 	C:\Windows\System32\cryptsp.dll
0x00007ffa9fee0000 - 0x00007ffa9fefa000 	C:\Program Files\Android\Android Studio\jre\jre\bin\net.dll
0x00007ffab1590000 - 0x00007ffab15f7000 	C:\Windows\system32\mswsock.dll
0x00007ffa8d000000 - 0x00007ffa8d013000 	C:\Program Files\Android\Android Studio\jre\jre\bin\nio.dll

VM Arguments:
java_command: org.jetbrains.kotlin.cli.jvm.K2JVMCompiler -Xallow-no-source-files -classpath D:\Android\PetProjects\PoliticalCompassProject\PoliticalCompass\app\build\intermediates\compile_and_runtime_not_namespaced_r_class_jar\debug\R.jar;C:\Users\Anton\.gradle\caches\transforms-2\files-2.1\0e6db11a7cd3cd6839133375d192a1c5\jetified-kotlin-android-extensions-runtime-1.3.72.jar;C:\Users\Anton\.gradle\caches\transforms-2\files-2.1\ecb855c52e4ab4423d14c3f217d380a1\jetified-core-ktx-1.3.1-api.jar;C:\Users\Anton\.gradle\caches\transforms-2\files-2.1\2fcb709dcbfffabe8e054e29c738b0dc\jetified-transition-ktx-1.4.0-beta01-api.jar;C:\Users\Anton\.gradle\caches\transforms-2\files-2.1\0827a73cc1b89e0bda3419df6e792b97\jetified-firebase-database-ktx-19.3.0-api.jar;C:\Users\Anton\.gradle\caches\transforms-2\files-2.1\90837ffa5a5f7abb0eb5594fe39bd9e8\jetified-firebase-firestore-ktx-21.4.3-api.jar;C:\Users\Anton\.gradle\caches\transforms-2\files-2.1\441859b7072edfa02e03595c0ba2227c\jetified-firebase-auth-ktx-19.3.1-api.jar;C:\Users\Anton\.gradle\caches\transforms-2\files-2.1\52a91c81b2b532102d5ad2d30c41841d\jetified-firebase-common-ktx-19.3.0-api.jar;C:\Users\Anton\.gradle\caches\transforms-2\files-2.1\34b8f05ec3487b3344bf23419761c7f9\jetified-kotlin-stdlib-jdk7-1.3.61.jar;C:\Users\Anton\.gradle\caches\transforms-2\files-2.1\5d6a627ca33d9668a126e55bba224383\jetified-kotlin-stdlib-1.3.72.jar;C:\Users\Anton\.gradle\caches\transforms-2\files-2.1\d9333c3840a3a8b7ec24f214fe26b02e\jetified-kotlin-stdlib-common-1.3.72.jar;C:\Users\Anton\.gradle\caches\transforms-2\files-2.1\ed737fed28817aad20f5b37faaa28711\jetified-annotations-13.0.jar;C:\Users\Anton\.gradle\caches\transforms-2\files-2.1\97080401cb29ae730e8a4799797d5a6b\material-1.2.0-api.jar;C:\Users\Anton\.gradle\caches\transforms-2\files-2.1\b61a4d8825054e13f9931c19f5f72528\appcompat-1.1.0-api.jar;C:\Users\Anton\.gradle\caches\transforms-2\files-2.1\39654a8f0380d3fe6646c8445eb501bc\jetified-firebase-database-19.3.0-api.jar;C:\Users\Ant
java_class_path (initial): C:\Users\Anton\.gradle\caches\modules-2\files-2.1\org.jetbrains.kotlin\kotlin-compiler-embeddable\1.3.72\fb72232c8fa977d5e07d33c43381ddbdc5edab6\kotlin-compiler-embeddable-1.3.72.jar;C:\Users\Anton\.gradle\caches\modules-2\files-2.1\org.jetbrains.kotlin\kotlin-reflect\1.3.72\86613e1a669a701b0c660bfd2af4f82a7ae11fca\kotlin-reflect-1.3.72.jar;C:\Users\Anton\.gradle\caches\modules-2\files-2.1\org.jetbrains.kotlin\kotlin-stdlib\1.3.72\8032138f12c0180bc4e51fe139d4c52b46db6109\kotlin-stdlib-1.3.72.jar;C:\Users\Anton\.gradle\caches\modules-2\files-2.1\org.jetbrains.kotlin\kotlin-script-runtime\1.3.72\657d8d34d91e1964b4439378c09933e840bfe8d5\kotlin-script-runtime-1.3.72.jar;C:\Users\Anton\.gradle\caches\modules-2\files-2.1\org.jetbrains.kotlin\kotlin-daemon-embeddable\1.3.72\53bbaa2816dbf6bdb85f629451b1fcc88f2164d2\kotlin-daemon-embeddable-1.3.72.jar;C:\Users\Anton\.gradle\caches\modules-2\files-2.1\org.jetbrains.intellij.deps\trove4j\1.0.20181211\216c2e14b070f334479d800987affe4054cd563f\trove4j-1.0.20181211.jar;C:\Users\Anton\.gradle\caches\modules-2\files-2.1\org.jetbrains.kotlin\kotlin-stdlib-common\1.3.72\6ca8bee3d88957eaaaef077c41c908c9940492d8\kotlin-stdlib-common-1.3.72.jar;C:\Users\Anton\.gradle\caches\modules-2\files-2.1\org.jetbrains\annotations\13.0\919f0dfe192fb4e063e7dacadee7f8bb9a2672a9\annotations-13.0.jar;C:\Program Files\Android\Android Studio\jre\lib\tools.jar
Launcher Type: SUN_STANDARD

Environment Variables:
PATH=C:\Program Files (x86)\Common Files\Oracle\Java\javapath;C:\Program Files (x86)\Common Files\Intel\Shared Libraries\redist\intel64\compiler;C:\Python38\Scripts\;C:\Python38\;C:\Windows\system32;C:\Windows;C:\Windows\System32\Wbem;C:\Windows\System32\WindowsPowerShell\v1.0\;C:\Windows\System32\OpenSSH\;C:\Program Files\Microsoft VS Code\bin;C:\Program Files\NVIDIA Corporation\NVIDIA NvDLISR;C:\Program Files (x86)\NVIDIA Corporation\PhysX\Common;C:\Users\Anton\AppData\Local\Android\Sdk\platform-tools;C:\Users\Anton\AppData\Local\Android\Sdk\tools;C:\Program Files\Git\cmd;D:\Android\Flutter\flutter\bin;C:\Program Files\dotnet\;C:\Program Files (x86)\dotnet\;C:\ProgramData\chocolatey\bin;C:\Program Files\nodejs\;C:\Users\Anton\AppData\Local\Microsoft\WindowsApps;;C:\Program Files\JetBrains\PyCharm Community Edition 2019.2.1\bin;;C:\Program Files\JetBrains\IntelliJ IDEA Community Edition 2019.3.3\bin;;C:\Users\Anton\AppData\Roaming\npm;C:\Program Files\JetBrains\DataGrip 2020.1.3\bin;
USERNAME=Anton
OS=Windows_NT
PROCESSOR_IDENTIFIER=Intel64 Family 6 Model 158 Stepping 10, GenuineIntel



---------------  S Y S T E M  ---------------

OS: Windows 10.0 , 64 bit Build 18362 (10.0.18362.959)

CPU:total 8 (initial active 8) (4 cores per cpu, 2 threads per core) family 6 model 158 stepping 10, cmov, cx8, fxsr, mmx, sse, sse2, sse3, ssse3, sse4.1, sse4.2, popcnt, avx, avx2, aes, clmul, erms, 3dnowpref, lzcnt, ht, tsc, tscinvbit, bmi1, bmi2, adx

Memory: 4k page, physical 16654484k(3543936k free), swap 20775556k(5032k free)

vm_info: OpenJDK 64-Bit Server VM (25.242-b01) for windows-amd64 JRE (1.8.0_242-release-1644-b01), built by "builder" with MS VC++ 10.0 (VS2010)

time: Mon Sep 07 15:46:25 2020
timezone: FLE Daylight Time
elapsed time: 3 seconds (0d 0h 0m 3s)

